<?xml version="1.0" encoding="UTF-8"?>
<testng-results skipped="0" failed="0" total="1" passed="1">
  <reporter-output>
  </reporter-output>
  <suite name="myPackage.SmokeTest" duration-ms="81534" started-at="2020-06-13T15:23:30Z" finished-at="2020-06-13T15:24:51Z">
    <groups>
    </groups>
    <test name="Command line test" duration-ms="81534" started-at="2020-06-13T15:23:30Z" finished-at="2020-06-13T15:24:51Z">
      <class name="myPackage.SmokeTest">
        <test-method status="PASS" signature="loginTest()[pri:0, instance:myPackage.SmokeTest@6e8dacdf]" name="loginTest" duration-ms="81518" started-at="2020-06-13T16:23:30Z" finished-at="2020-06-13T16:24:51Z">
          <reporter-output>
          </reporter-output>
        </test-method> <!-- loginTest -->
      </class> <!-- myPackage.SmokeTest -->
    </test> <!-- Command line test -->
  </suite> <!-- myPackage.SmokeTest -->
</testng-results>
